<?xml version="1.0" encoding="UTF-8" ?>
<testsuite tests="4" failures="4" name="ua.lviv.iot.dwelling.manager.DwellingManagerUtilsTest" time="0.002" errors="0" skipped="0">
  <properties>
    <property name="java.runtime.name" value="Java(TM) SE Runtime Environment"/>
    <property name="java.vm.version" value="13.0.1+9"/>
    <property name="sun.boot.library.path" value="C:\Program Files\Java\jdk-13.0.1\bin"/>
    <property name="maven.multiModuleProjectDirectory" value="D:\pr\third_lab\dwelling"/>
    <property name="java.vm.vendor" value="Oracle Corporation"/>
    <property name="java.vendor.url" value="https://java.oracle.com/"/>
    <property name="guice.disable.misplaced.annotation.check" value="true"/>
    <property name="path.separator" value=";"/>
    <property name="java.vm.name" value="Java HotSpot(TM) 64-Bit Server VM"/>
    <property name="sun.os.patch.level" value=""/>
    <property name="user.script" value=""/>
    <property name="user.country" value="UA"/>
    <property name="sun.java.launcher" value="SUN_STANDARD"/>
    <property name="java.vm.specification.name" value="Java Virtual Machine Specification"/>
    <property name="user.dir" value="D:\pr\third_lab\dwelling"/>
    <property name="java.vm.compressedOopsMode" value="32-bit"/>
    <property name="java.runtime.version" value="13.0.1+9"/>
    <property name="os.arch" value="amd64"/>
    <property name="java.io.tmpdir" value="C:\Users\Bohdan\AppData\Local\Temp\"/>
    <property name="line.separator" value="
"/>
    <property name="java.vm.specification.vendor" value="Oracle Corporation"/>
    <property name="user.variant" value=""/>
    <property name="os.name" value="Windows 10"/>
    <property name="classworlds.conf" value="D:\pr\maven\apache-maven-3.6.3\bin\..\bin\m2.conf"/>
    <property name="sun.jnu.encoding" value="Cp1251"/>
    <property name="java.library.path" value="C:\Program Files\Java\jdk-13.0.1\bin;C:\Windows\Sun\Java\bin;C:\Windows\system32;C:\Windows;C:\Program Files (x86)\Common Files\Oracle\Java\javapath;C:\ProgramData\Oracle\Java\javapath;C:\Program Files (x86)\Intel\Intel(R) Management Engine Components\iCLS\;C:\Program Files\Intel\Intel(R) Management Engine Components\iCLS\;C:\Windows\system32;C:\Windows;C:\Windows\System32\Wbem;C:\Windows\System32\WindowsPowerShell\v1.0\;C:\Windows\System32\OpenSSH\;C:\Program Files (x86)\Intel\Intel(R) Management Engine Components\DAL;C:\Program Files\Intel\Intel(R) Management Engine Components\DAL;C:\Program Files (x86)\Intel\Intel(R) Management Engine Components\IPT;C:\Program Files\Intel\Intel(R) Management Engine Components\IPT;D:\2.6.4\bin\i386-Win32;C:\Program Files\Intel\WiFi\bin\;C:\Program Files\Common Files\Intel\WirelessCommon\;E:\Git\cmd;C:\Program Files\Java\jdk-13.0.1;C:\Program Files\Java\jdk-13.0.1\bin;D:\pr\maven\apache-maven-3.6.3\bin;C:\Users\Bohdan\AppData\Local\Microsoft\WindowsApps;C:\Program Files\Intel\WiFi\bin\;C:\Program Files\Common Files\Intel\WirelessCommon\;C:\Program Files\Java\jdk-13.0.1;C:\Program Files\Java\jdk-13.0.1\bin;D:\pr\maven\apache-maven-3.6.3\bin;;."/>
    <property name="maven.conf" value="D:\pr\maven\apache-maven-3.6.3\bin\../conf"/>
    <property name="jdk.debug" value="release"/>
    <property name="java.class.version" value="57.0"/>
    <property name="java.specification.name" value="Java Platform API Specification"/>
    <property name="sun.management.compiler" value="HotSpot 64-Bit Tiered Compilers"/>
    <property name="os.version" value="10.0"/>
    <property name="library.jansi.path" value="D:\pr\maven\apache-maven-3.6.3\bin\..\lib\jansi-native"/>
    <property name="user.home" value="C:\Users\Bohdan"/>
    <property name="user.timezone" value="Europe/Kiev"/>
    <property name="file.encoding" value="Cp1251"/>
    <property name="java.specification.version" value="13"/>
    <property name="user.name" value="Bohdan"/>
    <property name="java.class.path" value="D:\pr\maven\apache-maven-3.6.3\bin\..\boot\plexus-classworlds-2.6.0.jar"/>
    <property name="java.vm.specification.version" value="13"/>
    <property name="sun.arch.data.model" value="64"/>
    <property name="sun.java.command" value="org.codehaus.plexus.classworlds.launcher.Launcher clean package"/>
    <property name="java.home" value="C:\Program Files\Java\jdk-13.0.1"/>
    <property name="user.language" value="uk"/>
    <property name="java.specification.vendor" value="Oracle Corporation"/>
    <property name="java.vm.info" value="mixed mode, sharing"/>
    <property name="java.version" value="13.0.1"/>
    <property name="java.vendor" value="Oracle Corporation"/>
    <property name="sun.stderr.encoding" value="cp866"/>
    <property name="maven.home" value="D:\pr\maven\apache-maven-3.6.3\bin\.."/>
    <property name="file.separator" value="\"/>
    <property name="java.version.date" value="2019-10-15"/>
    <property name="java.vendor.url.bug" value="https://bugreport.java.com/bugreport/"/>
    <property name="sun.io.unicode.encoding" value="UnicodeLittle"/>
    <property name="sun.cpu.endian" value="little"/>
    <property name="sun.stdout.encoding" value="cp866"/>
    <property name="sun.cpu.isalist" value="amd64"/>
  </properties>
  <testcase classname="ua.lviv.iot.dwelling.manager.DwellingManagerUtilsTest" name="ua.lviv.iot.dwelling.manager.DwellingManagerUtilsTest.testSortingAscendingByPrice" time="0.002">
    <failure type="java.lang.NullPointerException">java.lang.NullPointerException
	at ua.lviv.iot.dwelling.manager.DwellingManagerUtilsTest.testSortingAscendingByPrice(DwellingManagerUtilsTest.java:47)
</failure>
  </testcase>
  <testcase classname="ua.lviv.iot.dwelling.manager.DwellingManagerUtilsTest" name="ua.lviv.iot.dwelling.manager.DwellingManagerUtilsTest.testSortingAscendingBySquare" time="0">
    <failure type="java.lang.NullPointerException">java.lang.NullPointerException
	at ua.lviv.iot.dwelling.manager.DwellingManagerUtilsTest.testSortingAscendingBySquare(DwellingManagerUtilsTest.java:29)
</failure>
  </testcase>
  <testcase classname="ua.lviv.iot.dwelling.manager.DwellingManagerUtilsTest" name="ua.lviv.iot.dwelling.manager.DwellingManagerUtilsTest.testSortingDescendingByPrice" time="0">
    <failure type="java.lang.NullPointerException">java.lang.NullPointerException
	at ua.lviv.iot.dwelling.manager.DwellingManagerUtilsTest.testSortingDescendingByPrice(DwellingManagerUtilsTest.java:38)
</failure>
  </testcase>
  <testcase classname="ua.lviv.iot.dwelling.manager.DwellingManagerUtilsTest" name="ua.lviv.iot.dwelling.manager.DwellingManagerUtilsTest.testSortingDescendingBySquare" time="0">
    <failure type="java.lang.NullPointerException">java.lang.NullPointerException
	at ua.lviv.iot.dwelling.manager.DwellingManagerUtilsTest.testSortingDescendingBySquare(DwellingManagerUtilsTest.java:20)
</failure>
  </testcase>
</testsuite>